#
# There is insufficient memory for the Java Runtime Environment to continue.
# Native memory allocation (mmap) failed to map 2064384 bytes for G1 virtual space
# Possible reasons:
#   The system is out of physical RAM or swap space
#   The process is running with CompressedOops enabled, and the Java Heap may be blocking the growth of the native heap
# Possible solutions:
#   Reduce memory load on the system
#   Increase physical memory or swap space
#   Check if swap backing store is full
#   Decrease Java heap size (-Xmx/-Xms)
#   Decrease number of Java threads
#   Decrease Java thread stack sizes (-Xss)
#   Set larger code cache with -XX:ReservedCodeCacheSize=
#   JVM is running with Unscaled Compressed Oops mode in which the Java heap is
#     placed in the first 4GB address space. The Java Heap base address is the
#     maximum limit for the native heap growth. Please use -XX:HeapBaseMinAddress
#     to set the Java Heap base and to place the Java Heap above 4GB virtual address.
# This output file may be truncated or incomplete.
#
#  Out of Memory Error (os_windows.cpp:3613), pid=9652, tid=12004
#
# JRE version:  (17.0.10+7) (build )
# Java VM: OpenJDK 64-Bit Server VM (17.0.10+7, mixed mode, sharing, tiered, compressed oops, compressed class ptrs, g1 gc, windows-amd64)
# No core dump will be written. Minidumps are not enabled by default on client versions of Windows
#

---------------  S U M M A R Y ------------

Command Line: -ea -Dfile.encoding=UTF-8 -Dstdout.encoding=UTF-8 -Dstderr.encoding=UTF-8 -XX:+ShowCodeDetailsInExceptionMessages org.testng.remote.RemoteTestNG -serport 56585 -protocol json -d C:\Users\alkau\Documents\workspace-spring-tool-suite-4-4.22.0.RELEASE\.metadata\.metadata\MobileTesting\test-output C:\Users\alkau\AppData\Local\Temp\testng-eclipse--158079719\testng-customsuite.xml

Host: 11th Gen Intel(R) Core(TM) i3-1115G4 @ 3.00GHz, 4 cores, 7G,  Windows 11 , 64 bit Build 22621 (10.0.22621.3527)
Time: Fri May 31 17:34:08 2024 India Standard Time elapsed time: 0.143381 seconds (0d 0h 0m 0s)

---------------  T H R E A D  ---------------

Current thread (0x000001cf3bd1e130):  JavaThread "Unknown thread" [_thread_in_vm, id=12004, stack(0x0000008e71e00000,0x0000008e71f00000)]

Stack: [0x0000008e71e00000,0x0000008e71f00000]
Native frames: (J=compiled Java code, j=interpreted, Vv=VM code, C=native code)
V  [jvm.dll+0x67d2c9]
V  [jvm.dll+0x834afa]
V  [jvm.dll+0x8365be]
V  [jvm.dll+0x836c23]
V  [jvm.dll+0x2477ff]
V  [jvm.dll+0x67a109]
V  [jvm.dll+0x66eb7a]
V  [jvm.dll+0x30764b]
V  [jvm.dll+0x30eaf6]
V  [jvm.dll+0x35e853]
V  [jvm.dll+0x35ea6f]
V  [jvm.dll+0x2de248]
V  [jvm.dll+0x2df1b4]
V  [jvm.dll+0x806361]
V  [jvm.dll+0x36c6f1]
V  [jvm.dll+0x7e4e06]
V  [jvm.dll+0x3eff3f]
V  [jvm.dll+0x3f1b71]
C  [jli.dll+0x528f]
C  [ucrtbase.dll+0x29333]
C  [KERNEL32.DLL+0x1257d]
C  [ntdll.dll+0x5aa48]


---------------  P R O C E S S  ---------------

Threads class SMR info:
_java_thread_list=0x00007ffc9b15ee98, length=0, elements={
}

Java Threads: ( => current thread )

Other Threads:
  0x000001cf3debeb20 GCTaskThread "GC Thread#0" [stack: 0x0000008e71f00000,0x0000008e72000000] [id=3392]
  0x000001cf3decf3b0 ConcurrentGCThread "G1 Main Marker" [stack: 0x0000008e72000000,0x0000008e72100000] [id=14384]
  0x000001cf3decfdd0 ConcurrentGCThread "G1 Conc#0" [stack: 0x0000008e72100000,0x0000008e72200000] [id=14504]

[error occurred during error reporting (printing all threads), id 0xc0000005, EXCEPTION_ACCESS_VIOLATION (0xc0000005) at pc=0x00007ffc9a91ec87]

VM state: not at safepoint (not fully initialized)

VM Mutex/Monitor currently owned by a thread:  ([mutex/lock_event])
[0x000001cf3bd1bc90] Heap_lock - owner thread: 0x000001cf3bd1e130

Heap address: 0x0000000083600000, size: 1994 MB, Compressed Oops mode: 32-bit

CDS archive(s) mapped at: [0x0000000000000000-0x0000000000000000-0x0000000000000000), size 0, SharedBaseAddress: 0x0000000800000000, ArchiveRelocationMode: 1.
Narrow klass base: 0x0000000000000000, Narrow klass shift: 0, Narrow klass range: 0x0

GC Precious Log:
<Empty>

Heap:
 garbage-first heap   total 0K, used 0K [0x0000000083600000, 0x0000000100000000)
  region size 1024K, 0 young (0K), 0 survivors (0K)

[error occurred during error reporting (printing heap information), id 0xc0000005, EXCEPTION_ACCESS_VIOLATION (0xc0000005) at pc=0x00007ffc9ad06fb9]

GC Heap History (0 events):
No events

Dll operation events (1 events):
Event: 0.076 Loaded shared library C:\Users\alkau\Downloads\spring-tool-suite-4-4.22.0.RELEASE-e4.31.0-win32.win32.x86_64.self-extracting\contents\sts-4.22.0.RELEASE\plugins\org.eclipse.justj.openjdk.hotspot.jre.full.win32.x86_64_17.0.10.v20240120-1143\jre\bin\java.dl

Deoptimization events (0 events):
No events

Classes unloaded (0 events):
No events

Classes redefined (0 events):
No events

Internal exceptions (0 events):
No events

VM Operations (0 events):
No events

Events (0 events):
No events


Dynamic libraries:
0x00007ff77a290000 - 0x00007ff77a29e000 	C:\Users\alkau\Downloads\spring-tool-suite-4-4.22.0.RELEASE-e4.31.0-win32.win32.x86_64.self-extracting\contents\sts-4.22.0.RELEASE\plugins\org.eclipse.justj.openjdk.hotspot.jre.full.win32.x86_64_17.0.10.v20240120-1143\jre\bin\javaw.exe
0x00007ffd18b10000 - 0x00007ffd18d27000 	C:\WINDOWS\SYSTEM32\ntdll.dll
0x00007ffd17220000 - 0x00007ffd172e4000 	C:\WINDOWS\System32\KERNEL32.DLL
0x00007ffd162d0000 - 0x00007ffd16677000 	C:\WINDOWS\System32\KERNELBASE.dll
0x00007ffd16720000 - 0x00007ffd16831000 	C:\WINDOWS\System32\ucrtbase.dll
0x00007ffd09890000 - 0x00007ffd098a7000 	C:\Users\alkau\Downloads\spring-tool-suite-4-4.22.0.RELEASE-e4.31.0-win32.win32.x86_64.self-extracting\contents\sts-4.22.0.RELEASE\plugins\org.eclipse.justj.openjdk.hotspot.jre.full.win32.x86_64_17.0.10.v20240120-1143\jre\bin\jli.dll
0x00007ffd17990000 - 0x00007ffd17b3e000 	C:\WINDOWS\System32\USER32.dll
0x00007ffd16130000 - 0x00007ffd16156000 	C:\WINDOWS\System32\win32u.dll
0x00007ffd16930000 - 0x00007ffd16959000 	C:\WINDOWS\System32\GDI32.dll
0x00007ffd15ee0000 - 0x00007ffd15ff9000 	C:\WINDOWS\System32\gdi32full.dll
0x00007ffd16680000 - 0x00007ffd1671a000 	C:\WINDOWS\System32\msvcp_win.dll
0x00007ffd08bc0000 - 0x00007ffd08bdb000 	C:\Users\alkau\Downloads\spring-tool-suite-4-4.22.0.RELEASE-e4.31.0-win32.win32.x86_64.self-extracting\contents\sts-4.22.0.RELEASE\plugins\org.eclipse.justj.openjdk.hotspot.jre.full.win32.x86_64_17.0.10.v20240120-1143\jre\bin\VCRUNTIME140.dll
0x00007ffcfcb90000 - 0x00007ffcfce23000 	C:\WINDOWS\WinSxS\amd64_microsoft.windows.common-controls_6595b64144ccf1df_6.0.22621.3527_none_270e469b73872a76\COMCTL32.dll
0x00007ffd17fe0000 - 0x00007ffd18087000 	C:\WINDOWS\System32\msvcrt.dll
0x00007ffd17470000 - 0x00007ffd174a1000 	C:\WINDOWS\System32\IMM32.DLL
0x00007ffd10830000 - 0x00007ffd1083c000 	C:\Users\alkau\Downloads\spring-tool-suite-4-4.22.0.RELEASE-e4.31.0-win32.win32.x86_64.self-extracting\contents\sts-4.22.0.RELEASE\plugins\org.eclipse.justj.openjdk.hotspot.jre.full.win32.x86_64_17.0.10.v20240120-1143\jre\bin\vcruntime140_1.dll
0x00007ffce80b0000 - 0x00007ffce813d000 	C:\Users\alkau\Downloads\spring-tool-suite-4-4.22.0.RELEASE-e4.31.0-win32.win32.x86_64.self-extracting\contents\sts-4.22.0.RELEASE\plugins\org.eclipse.justj.openjdk.hotspot.jre.full.win32.x86_64_17.0.10.v20240120-1143\jre\bin\msvcp140.dll
0x00007ffc9a630000 - 0x00007ffc9b292000 	C:\Users\alkau\Downloads\spring-tool-suite-4-4.22.0.RELEASE-e4.31.0-win32.win32.x86_64.self-extracting\contents\sts-4.22.0.RELEASE\plugins\org.eclipse.justj.openjdk.hotspot.jre.full.win32.x86_64_17.0.10.v20240120-1143\jre\bin\server\jvm.dll
0x00007ffd18a10000 - 0x00007ffd18ac2000 	C:\WINDOWS\System32\ADVAPI32.dll
0x00007ffd17310000 - 0x00007ffd173b8000 	C:\WINDOWS\System32\sechost.dll
0x00007ffd15e30000 - 0x00007ffd15e58000 	C:\WINDOWS\System32\bcrypt.dll
0x00007ffd18450000 - 0x00007ffd18565000 	C:\WINDOWS\System32\RPCRT4.dll
0x00007ffd156e0000 - 0x00007ffd1572d000 	C:\WINDOWS\SYSTEM32\POWRPROF.dll
0x00007ffd11db0000 - 0x00007ffd11de4000 	C:\WINDOWS\SYSTEM32\WINMM.dll
0x00007ffcf0b40000 - 0x00007ffcf0b49000 	C:\WINDOWS\SYSTEM32\WSOCK32.dll
0x00007ffd0ac50000 - 0x00007ffd0ac5a000 	C:\WINDOWS\SYSTEM32\VERSION.dll
0x00007ffd18570000 - 0x00007ffd185e1000 	C:\WINDOWS\System32\WS2_32.dll
0x00007ffd15670000 - 0x00007ffd15683000 	C:\WINDOWS\SYSTEM32\UMPDC.dll
0x00007ffd14e50000 - 0x00007ffd14e68000 	C:\WINDOWS\SYSTEM32\kernel.appcore.dll
0x00007ffcfd100000 - 0x00007ffcfd10a000 	C:\Users\alkau\Downloads\spring-tool-suite-4-4.22.0.RELEASE-e4.31.0-win32.win32.x86_64.self-extracting\contents\sts-4.22.0.RELEASE\plugins\org.eclipse.justj.openjdk.hotspot.jre.full.win32.x86_64_17.0.10.v20240120-1143\jre\bin\jimage.dll
0x00007ffd136a0000 - 0x00007ffd138d2000 	C:\WINDOWS\SYSTEM32\DBGHELP.DLL
0x00007ffd18680000 - 0x00007ffd18a08000 	C:\WINDOWS\System32\combase.dll
0x00007ffd18090000 - 0x00007ffd18167000 	C:\WINDOWS\System32\OLEAUT32.dll
0x00007ffd11d70000 - 0x00007ffd11da2000 	C:\WINDOWS\SYSTEM32\dbgcore.DLL
0x00007ffd15e60000 - 0x00007ffd15ed9000 	C:\WINDOWS\System32\bcryptPrimitives.dll
0x00007ffc9b990000 - 0x00007ffc9b9b5000 	C:\Users\alkau\Downloads\spring-tool-suite-4-4.22.0.RELEASE-e4.31.0-win32.win32.x86_64.self-extracting\contents\sts-4.22.0.RELEASE\plugins\org.eclipse.justj.openjdk.hotspot.jre.full.win32.x86_64_17.0.10.v20240120-1143\jre\bin\java.dll

dbghelp: loaded successfully - version: 4.0.5 - missing functions: none
symbol engine: initialized successfully - sym options: 0x614 - pdb path: .;C:\Users\alkau\Downloads\spring-tool-suite-4-4.22.0.RELEASE-e4.31.0-win32.win32.x86_64.self-extracting\contents\sts-4.22.0.RELEASE\plugins\org.eclipse.justj.openjdk.hotspot.jre.full.win32.x86_64_17.0.10.v20240120-1143\jre\bin;C:\WINDOWS\SYSTEM32;C:\WINDOWS\WinSxS\amd64_microsoft.windows.common-controls_6595b64144ccf1df_6.0.22621.3527_none_270e469b73872a76;C:\Users\alkau\Downloads\spring-tool-suite-4-4.22.0.RELEASE-e4.31.0-win32.win32.x86_64.self-extracting\contents\sts-4.22.0.RELEASE\plugins\org.eclipse.justj.openjdk.hotspot.jre.full.win32.x86_64_17.0.10.v20240120-1143\jre\bin\server

VM Arguments:
jvm_args: -ea -Dfile.encoding=UTF-8 -Dstdout.encoding=UTF-8 -Dstderr.encoding=UTF-8 -XX:+ShowCodeDetailsInExceptionMessages 
java_command: org.testng.remote.RemoteTestNG -serport 56585 -protocol json -d C:\Users\alkau\Documents\workspace-spring-tool-suite-4-4.22.0.RELEASE\.metadata\.metadata\MobileTesting\test-output C:\Users\alkau\AppData\Local\Temp\testng-eclipse--158079719\testng-customsuite.xml
java_class_path (initial): C:\Users\alkau\Downloads\spring-tool-suite-4-4.22.0.RELEASE-e4.31.0-win32.win32.x86_64.self-extracting\contents\sts-4.22.0.RELEASE\configuration\org.eclipse.osgi\589\0\.cp\lib\testng-remote.jar;C:\Users\alkau\Documents\workspace-spring-tool-suite-4-4.22.0.RELEASE\.metadata\.metadata\MobileTesting\target\test-classes;C:\Users\alkau\Documents\workspace-spring-tool-suite-4-4.22.0.RELEASE\.metadata\.metadata\MobileTesting\target\classes;C:\Users\alkau\.m2\repository\org\seleniumhq\selenium\selenium-java\3.141.59\selenium-java-3.141.59.jar;C:\Users\alkau\.m2\repository\org\seleniumhq\selenium\selenium-api\3.141.59\selenium-api-3.141.59.jar;C:\Users\alkau\.m2\repository\org\seleniumhq\selenium\selenium-chrome-driver\3.141.59\selenium-chrome-driver-3.141.59.jar;C:\Users\alkau\.m2\repository\org\seleniumhq\selenium\selenium-edge-driver\3.141.59\selenium-edge-driver-3.141.59.jar;C:\Users\alkau\.m2\repository\org\seleniumhq\selenium\selenium-firefox-driver\3.141.59\selenium-firefox-driver-3.141.59.jar;C:\Users\alkau\.m2\repository\org\seleniumhq\selenium\selenium-ie-driver\3.141.59\selenium-ie-driver-3.141.59.jar;C:\Users\alkau\.m2\repository\org\seleniumhq\selenium\selenium-opera-driver\3.141.59\selenium-opera-driver-3.141.59.jar;C:\Users\alkau\.m2\repository\org\seleniumhq\selenium\selenium-remote-driver\3.141.59\selenium-remote-driver-3.141.59.jar;C:\Users\alkau\.m2\repository\org\seleniumhq\selenium\selenium-safari-driver\3.141.59\selenium-safari-driver-3.141.59.jar;C:\Users\alkau\.m2\repository\org\seleniumhq\selenium\selenium-support\3.141.59\selenium-support-3.141.59.jar;C:\Users\alkau\.m2\repository\net\bytebuddy\byte-buddy\1.8.15\byte-buddy-1.8.15.jar;C:\Users\alkau\.m2\repository\org\apache\commons\commons-exec\1.3\commons-exec-1.3.jar;C:\Users\alkau\.m2\repository\com\google\guava\guava\25.0-jre\guava-25.0-jre.jar;C:\Users\alkau\.m2\repository\com\google\code\findbugs\jsr305\1.3.9\jsr305-1.3.9.jar;C:\Users\alkau\.m2\repository\org\check
Launcher Type: SUN_STANDARD

[Global flags]
     intx CICompilerCount                          = 3                                         {product} {ergonomic}
     uint ConcGCThreads                            = 1                                         {product} {ergonomic}
     uint G1ConcRefinementThreads                  = 4                                         {product} {ergonomic}
   size_t G1HeapRegionSize                         = 1048576                                   {product} {ergonomic}
    uintx GCDrainStackTargetSize                   = 64                                        {product} {ergonomic}
   size_t InitialHeapSize                          = 132120576                                 {product} {ergonomic}
   size_t MarkStackSize                            = 4194304                                   {product} {ergonomic}
   size_t MaxHeapSize                              = 2090860544                                {product} {ergonomic}
   size_t MinHeapDeltaBytes                        = 1048576                                   {product} {ergonomic}
   size_t MinHeapSize                              = 8388608                                   {product} {ergonomic}
    uintx NonNMethodCodeHeapSize                   = 5832780                                {pd product} {ergonomic}
    uintx NonProfiledCodeHeapSize                  = 122912730                              {pd product} {ergonomic}
    uintx ProfiledCodeHeapSize                     = 122912730                              {pd product} {ergonomic}
    uintx ReservedCodeCacheSize                    = 251658240                              {pd product} {ergonomic}
     bool SegmentedCodeCache                       = true                                      {product} {ergonomic}
     bool ShowCodeDetailsInExceptionMessages       = true                                   {manageable} {command line}
   size_t SoftMaxHeapSize                          = 2090860544                             {manageable} {ergonomic}
     bool UseCompressedClassPointers               = true                           {product lp64_product} {ergonomic}
     bool UseCompressedOops                        = true                           {product lp64_product} {ergonomic}
     bool UseG1GC                                  = true                                      {product} {ergonomic}
     bool UseLargePagesIndividualAllocation        = false                                  {pd product} {ergonomic}

Logging:
Log output configuration:
 #0: stdout all=warning uptime,level,tags
 #1: stderr all=off uptime,level,tags

Environment Variables:
JAVA_HOME=C:\Program Files\Java\jdk-17
PATH=C:/Users/alkau/Downloads/spring-tool-suite-4-4.22.0.RELEASE-e4.31.0-win32.win32.x86_64.self-extracting/contents/sts-4.22.0.RELEASE//plugins/org.eclipse.justj.openjdk.hotspot.jre.full.win32.x86_64_17.0.10.v20240120-1143/jre/bin/server;C:/Users/alkau/Downloads/spring-tool-suite-4-4.22.0.RELEASE-e4.31.0-win32.win32.x86_64.self-extracting/contents/sts-4.22.0.RELEASE//plugins/org.eclipse.justj.openjdk.hotspot.jre.full.win32.x86_64_17.0.10.v20240120-1143/jre/bin;C:\Program Files\Common Files\Oracle\Java\javapath;C:\WINDOWS\system32;C:\WINDOWS;C:\WINDOWS\System32\Wbem;C:\WINDOWS\System32\WindowsPowerShell\v1.0\;C:\WINDOWS\System32\OpenSSH\;C:\Program Files\MySQL\MySQL Server 8.0\bin;C:\Program Files\Git\cmd;C:\Users\alkau\Downloads\apache-maven-3.9.6-bin\apache-maven-3.9.6\bin;C:\Program Files\Java\jdk-17\bin;C:\Program Files\nodejs\;C:\Users\alkau\AppData\Local\Android\Sdk;C:\Users\alkau\AppData\Local\Android\Sdk\platform-tools;C:\Program Files\MySQL\MySQL Shell 8.0\bin\;C:\MinGW\bin;C:\Users\alkau\AppData\Local\Programs\Microsoft VS Code\bin;;C:\Users\alkau\AppData\Roaming\npm;C:\Users\alkau\Downloads\spring-tool-suite-4-4.22.0.RELEASE-e4.31.0-win32.win32.x86_64.self-extracting\contents\sts-4.22.0.RELEASE;
USERNAME=Alka Upadhyay
OS=Windows_NT
PROCESSOR_IDENTIFIER=Intel64 Family 6 Model 140 Stepping 1, GenuineIntel
TMP=C:\Users\alkau\AppData\Local\Temp
TEMP=C:\Users\alkau\AppData\Local\Temp



Periodic native trim disabled


---------------  S Y S T E M  ---------------

OS:
 Windows 11 , 64 bit Build 22621 (10.0.22621.3527)
OS uptime: 1 days 3:13 hours

CPU: total 4 (initial active 4) (2 cores per cpu, 2 threads per core) family 6 model 140 stepping 1 microcode 0x8a, cx8, cmov, fxsr, ht, mmx, 3dnowpref, sse, sse2, sse3, ssse3, sse4.1, sse4.2, popcnt, lzcnt, tsc, tscinvbit, avx, avx2, aes, erms, clmul, bmi1, bmi2, adx, avx512f, avx512dq, avx512cd, avx512bw, avx512vl, sha, fma, vzeroupper, avx512_vpopcntdq, avx512_vpclmulqdq, avx512_vaes, avx512_vnni, clflush, clflushopt, clwb, avx512_vbmi2, avx512_vbmi
Processor Information for processor 0
  Max Mhz: 2995, Current Mhz: 2995, Mhz Limit: 2995
Processor Information for processor 1
  Max Mhz: 2995, Current Mhz: 2995, Mhz Limit: 2995
Processor Information for processor 2
  Max Mhz: 2995, Current Mhz: 2995, Mhz Limit: 2995
Processor Information for processor 3
  Max Mhz: 2995, Current Mhz: 1198, Mhz Limit: 2995

Memory: 4k page, system-wide physical 7975M (111M free)
TotalPageFile size 20775M (AvailPageFile size 22M)
current process WorkingSet (physical memory assigned to process): 10M, peak: 10M
current process commit charge ("private bytes"): 178M, peak: 180M

vm_info: OpenJDK 64-Bit Server VM (17.0.10+7) for windows-amd64 JRE (17.0.10+7), built on Jan 16 2024 23:25:11 by "admin" with MS VC++ 16.10 / 16.11 (VS2019)

END.
